Analysis & Synthesis report for AJ
Fri Jan 31 10:49:53 2014
Quartus II 64-Bit Version 13.0.0 Build 156 04/24/2013 SJ Web Edition


---------------------
; Table of Contents ;
---------------------
  1. Legal Notice
  2. Analysis & Synthesis Summary
  3. Analysis & Synthesis Settings
  4. Parallel Compilation
  5. Analysis & Synthesis Source Files Read
  6. Analysis & Synthesis Resource Usage Summary
  7. Analysis & Synthesis Resource Utilization by Entity
  8. Registers Removed During Synthesis
  9. Removed Registers Triggering Further Register Optimizations
 10. General Register Statistics
 11. Elapsed Time Per Partition
 12. Analysis & Synthesis Messages



----------------
; Legal Notice ;
----------------
Copyright (C) 1991-2013 Altera Corporation
Your use of Altera Corporation's design tools, logic functions 
and other software and tools, and its AMPP partner logic 
functions, and any output files from any of the foregoing 
(including device programming or simulation files), and any 
associated documentation or information are expressly subject 
to the terms and conditions of the Altera Program License 
Subscription Agreement, Altera MegaCore Function License 
Agreement, or other applicable license agreement, including, 
without limitation, that your use is for the sole purpose of 
programming logic devices manufactured by Altera and sold by 
Altera or its authorized distributors.  Please refer to the 
applicable agreement for further details.



+---------------------------------------------------------------------------------+
; Analysis & Synthesis Summary                                                    ;
+------------------------------------+--------------------------------------------+
; Analysis & Synthesis Status        ; Successful - Fri Jan 31 10:49:52 2014      ;
; Quartus II 64-Bit Version          ; 13.0.0 Build 156 04/24/2013 SJ Web Edition ;
; Revision Name                      ; AJ                                         ;
; Top-level Entity Name              ; AJ                                         ;
; Family                             ; Cyclone II                                 ;
; Total logic elements               ; 278                                        ;
;     Total combinational functions  ; 187                                        ;
;     Dedicated logic registers      ; 225                                        ;
; Total registers                    ; 225                                        ;
; Total pins                         ; 97                                         ;
; Total virtual pins                 ; 0                                          ;
; Total memory bits                  ; 0                                          ;
; Embedded Multiplier 9-bit elements ; 0                                          ;
; Total PLLs                         ; 0                                          ;
+------------------------------------+--------------------------------------------+


+----------------------------------------------------------------------------------------------------------------------+
; Analysis & Synthesis Settings                                                                                        ;
+----------------------------------------------------------------------------+--------------------+--------------------+
; Option                                                                     ; Setting            ; Default Value      ;
+----------------------------------------------------------------------------+--------------------+--------------------+
; Device                                                                     ; EP2C70F672C6       ;                    ;
; Top-level entity name                                                      ; AJ                 ; AJ                 ;
; Family name                                                                ; Cyclone II         ; Cyclone IV GX      ;
; Use smart compilation                                                      ; Off                ; Off                ;
; Enable parallel Assembler and TimeQuest Timing Analyzer during compilation ; On                 ; On                 ;
; Enable compact report table                                                ; Off                ; Off                ;
; Restructure Multiplexers                                                   ; Auto               ; Auto               ;
; Create Debugging Nodes for IP Cores                                        ; Off                ; Off                ;
; Preserve fewer node names                                                  ; On                 ; On                 ;
; Disable OpenCore Plus hardware evaluation                                  ; Off                ; Off                ;
; Verilog Version                                                            ; Verilog_2001       ; Verilog_2001       ;
; VHDL Version                                                               ; VHDL_1993          ; VHDL_1993          ;
; State Machine Processing                                                   ; Auto               ; Auto               ;
; Safe State Machine                                                         ; Off                ; Off                ;
; Extract Verilog State Machines                                             ; On                 ; On                 ;
; Extract VHDL State Machines                                                ; On                 ; On                 ;
; Ignore Verilog initial constructs                                          ; Off                ; Off                ;
; Iteration limit for constant Verilog loops                                 ; 5000               ; 5000               ;
; Iteration limit for non-constant Verilog loops                             ; 250                ; 250                ;
; Add Pass-Through Logic to Inferred RAMs                                    ; On                 ; On                 ;
; Infer RAMs from Raw Logic                                                  ; On                 ; On                 ;
; Parallel Synthesis                                                         ; On                 ; On                 ;
; DSP Block Balancing                                                        ; Auto               ; Auto               ;
; NOT Gate Push-Back                                                         ; On                 ; On                 ;
; Power-Up Don't Care                                                        ; On                 ; On                 ;
; Remove Redundant Logic Cells                                               ; Off                ; Off                ;
; Remove Duplicate Registers                                                 ; On                 ; On                 ;
; Ignore CARRY Buffers                                                       ; Off                ; Off                ;
; Ignore CASCADE Buffers                                                     ; Off                ; Off                ;
; Ignore GLOBAL Buffers                                                      ; Off                ; Off                ;
; Ignore ROW GLOBAL Buffers                                                  ; Off                ; Off                ;
; Ignore LCELL Buffers                                                       ; Off                ; Off                ;
; Ignore SOFT Buffers                                                        ; On                 ; On                 ;
; Limit AHDL Integers to 32 Bits                                             ; Off                ; Off                ;
; Optimization Technique                                                     ; Balanced           ; Balanced           ;
; Carry Chain Length                                                         ; 70                 ; 70                 ;
; Auto Carry Chains                                                          ; On                 ; On                 ;
; Auto Open-Drain Pins                                                       ; On                 ; On                 ;
; Perform WYSIWYG Primitive Resynthesis                                      ; Off                ; Off                ;
; Auto ROM Replacement                                                       ; On                 ; On                 ;
; Auto RAM Replacement                                                       ; On                 ; On                 ;
; Auto Shift Register Replacement                                            ; Auto               ; Auto               ;
; Allow Shift Register Merging across Hierarchies                            ; Auto               ; Auto               ;
; Auto Clock Enable Replacement                                              ; On                 ; On                 ;
; Strict RAM Replacement                                                     ; Off                ; Off                ;
; Allow Synchronous Control Signals                                          ; On                 ; On                 ;
; Force Use of Synchronous Clear Signals                                     ; Off                ; Off                ;
; Auto RAM to Logic Cell Conversion                                          ; Off                ; Off                ;
; Auto Resource Sharing                                                      ; Off                ; Off                ;
; Allow Any RAM Size For Recognition                                         ; Off                ; Off                ;
; Allow Any ROM Size For Recognition                                         ; Off                ; Off                ;
; Allow Any Shift Register Size For Recognition                              ; Off                ; Off                ;
; Use LogicLock Constraints during Resource Balancing                        ; On                 ; On                 ;
; Ignore translate_off and synthesis_off directives                          ; Off                ; Off                ;
; Timing-Driven Synthesis                                                    ; Off                ; Off                ;
; Report Parameter Settings                                                  ; On                 ; On                 ;
; Report Source Assignments                                                  ; On                 ; On                 ;
; Report Connectivity Checks                                                 ; On                 ; On                 ;
; Ignore Maximum Fan-Out Assignments                                         ; Off                ; Off                ;
; Synchronization Register Chain Length                                      ; 2                  ; 2                  ;
; PowerPlay Power Optimization                                               ; Normal compilation ; Normal compilation ;
; HDL message level                                                          ; Level2             ; Level2             ;
; Suppress Register Optimization Related Messages                            ; Off                ; Off                ;
; Number of Removed Registers Reported in Synthesis Report                   ; 5000               ; 5000               ;
; Number of Swept Nodes Reported in Synthesis Report                         ; 5000               ; 5000               ;
; Number of Inverted Registers Reported in Synthesis Report                  ; 100                ; 100                ;
; Clock MUX Protection                                                       ; On                 ; On                 ;
; Auto Gated Clock Conversion                                                ; Off                ; Off                ;
; Block Design Naming                                                        ; Auto               ; Auto               ;
; SDC constraint protection                                                  ; Off                ; Off                ;
; Synthesis Effort                                                           ; Auto               ; Auto               ;
; Shift Register Replacement - Allow Asynchronous Clear Signal               ; On                 ; On                 ;
; Pre-Mapping Resynthesis Optimization                                       ; Off                ; Off                ;
; Analysis & Synthesis Message Level                                         ; Medium             ; Medium             ;
; Disable Register Merging Across Hierarchies                                ; Auto               ; Auto               ;
; Resource Aware Inference For Block RAM                                     ; On                 ; On                 ;
; Synthesis Seed                                                             ; 1                  ; 1                  ;
+----------------------------------------------------------------------------+--------------------+--------------------+


Parallel compilation was disabled, but you have multiple processors available. Enable parallel compilation to reduce compilation time.
+-------------------------------------+
; Parallel Compilation                ;
+----------------------------+--------+
; Processors                 ; Number ;
+----------------------------+--------+
; Number detected on machine ; 2      ;
; Maximum allowed            ; 1      ;
+----------------------------+--------+


+----------------------------------------------------------------------------------------------------------------------+
; Analysis & Synthesis Source Files Read                                                                               ;
+----------------------------------+-----------------+------------------------+------------------------------+---------+
; File Name with User-Entered Path ; Used in Netlist ; File Type              ; File Name with Absolute Path ; Library ;
+----------------------------------+-----------------+------------------------+------------------------------+---------+
; AJ.v                             ; yes             ; User Verilog HDL File  ; C:/altera/13.0/AJ/AJ.v       ;         ;
+----------------------------------+-----------------+------------------------+------------------------------+---------+


+-----------------------------------------------------+
; Analysis & Synthesis Resource Usage Summary         ;
+---------------------------------------------+-------+
; Resource                                    ; Usage ;
+---------------------------------------------+-------+
; Estimated Total logic elements              ; 278   ;
;                                             ;       ;
; Total combinational functions               ; 187   ;
; Logic element usage by number of LUT inputs ;       ;
;     -- 4 input functions                    ; 0     ;
;     -- 3 input functions                    ; 32    ;
;     -- <=2 input functions                  ; 155   ;
;                                             ;       ;
; Logic elements by mode                      ;       ;
;     -- normal mode                          ; 39    ;
;     -- arithmetic mode                      ; 148   ;
;                                             ;       ;
; Total registers                             ; 225   ;
;     -- Dedicated logic registers            ; 225   ;
;     -- I/O registers                        ; 0     ;
;                                             ;       ;
; I/O pins                                    ; 97    ;
; Embedded Multiplier 9-bit elements          ; 0     ;
; Maximum fan-out node                        ; clock ;
; Maximum fan-out                             ; 225   ;
; Total fan-out                               ; 879   ;
; Average fan-out                             ; 1.73  ;
+---------------------------------------------+-------+


+-----------------------------------------------------------------------------------------------------------------------------------------------------------------------------+
; Analysis & Synthesis Resource Utilization by Entity                                                                                                                         ;
+----------------------------+-------------------+--------------+-------------+--------------+---------+-----------+------+--------------+---------------------+--------------+
; Compilation Hierarchy Node ; LC Combinationals ; LC Registers ; Memory Bits ; DSP Elements ; DSP 9x9 ; DSP 18x18 ; Pins ; Virtual Pins ; Full Hierarchy Name ; Library Name ;
+----------------------------+-------------------+--------------+-------------+--------------+---------+-----------+------+--------------+---------------------+--------------+
; |AJ                        ; 187 (187)         ; 225 (225)    ; 0           ; 0            ; 0       ; 0         ; 97   ; 0            ; |AJ                 ;              ;
+----------------------------+-------------------+--------------+-------------+--------------+---------+-----------+------+--------------+---------------------+--------------+
Note: For table entries with two numbers listed, the numbers in parentheses indicate the number of resources of the given type used by the specific entity alone. The numbers listed outside of parentheses indicate the total resources of the given type used by the specific entity and all of its sub-entities in the hierarchy.


+----------------------------------------------------------------------------------+
; Registers Removed During Synthesis                                               ;
+-----------------------------------------+----------------------------------------+
; Register name                           ; Reason for Removal                     ;
+-----------------------------------------+----------------------------------------+
; Y[11][6]                                ; Stuck at GND due to stuck port data_in ;
; Y[11][7]                                ; Stuck at GND due to stuck port data_in ;
; Y[11][8]                                ; Stuck at GND due to stuck port data_in ;
; Y[11][9]                                ; Stuck at GND due to stuck port data_in ;
; Y[11][10]                               ; Stuck at GND due to stuck port data_in ;
; Y[11][11]                               ; Stuck at GND due to stuck port data_in ;
; Y[11][12]                               ; Stuck at GND due to stuck port data_in ;
; Y[11][13]                               ; Stuck at GND due to stuck port data_in ;
; Y[11][14]                               ; Stuck at GND due to stuck port data_in ;
; Y[11][15]                               ; Stuck at GND due to stuck port data_in ;
; X[11][6]                                ; Stuck at GND due to stuck port data_in ;
; X[11][7]                                ; Stuck at GND due to stuck port data_in ;
; X[11][8]                                ; Stuck at GND due to stuck port data_in ;
; X[11][9]                                ; Stuck at GND due to stuck port data_in ;
; X[11][10]                               ; Stuck at GND due to stuck port data_in ;
; X[11][11]                               ; Stuck at GND due to stuck port data_in ;
; X[11][12]                               ; Stuck at GND due to stuck port data_in ;
; X[11][13]                               ; Stuck at GND due to stuck port data_in ;
; X[11][14]                               ; Stuck at GND due to stuck port data_in ;
; X[11][15]                               ; Stuck at GND due to stuck port data_in ;
; Y[10][7]                                ; Stuck at GND due to stuck port data_in ;
; Y[10][8]                                ; Stuck at GND due to stuck port data_in ;
; Y[10][9]                                ; Stuck at GND due to stuck port data_in ;
; Y[10][10]                               ; Stuck at GND due to stuck port data_in ;
; Y[10][11]                               ; Stuck at GND due to stuck port data_in ;
; Y[10][12]                               ; Stuck at GND due to stuck port data_in ;
; Y[10][13]                               ; Stuck at GND due to stuck port data_in ;
; Y[10][14]                               ; Stuck at GND due to stuck port data_in ;
; Y[10][15]                               ; Stuck at GND due to stuck port data_in ;
; X[10][7]                                ; Stuck at GND due to stuck port data_in ;
; X[10][8]                                ; Stuck at GND due to stuck port data_in ;
; X[10][9]                                ; Stuck at GND due to stuck port data_in ;
; X[10][10]                               ; Stuck at GND due to stuck port data_in ;
; X[10][11]                               ; Stuck at GND due to stuck port data_in ;
; X[10][12]                               ; Stuck at GND due to stuck port data_in ;
; X[10][13]                               ; Stuck at GND due to stuck port data_in ;
; X[10][14]                               ; Stuck at GND due to stuck port data_in ;
; X[10][15]                               ; Stuck at GND due to stuck port data_in ;
; Y[9][8]                                 ; Stuck at GND due to stuck port data_in ;
; Y[9][9]                                 ; Stuck at GND due to stuck port data_in ;
; Y[9][10]                                ; Stuck at GND due to stuck port data_in ;
; Y[9][11]                                ; Stuck at GND due to stuck port data_in ;
; Y[9][12]                                ; Stuck at GND due to stuck port data_in ;
; Y[9][13]                                ; Stuck at GND due to stuck port data_in ;
; Y[9][14]                                ; Stuck at GND due to stuck port data_in ;
; Y[9][15]                                ; Stuck at GND due to stuck port data_in ;
; X[9][8]                                 ; Stuck at GND due to stuck port data_in ;
; X[9][9]                                 ; Stuck at GND due to stuck port data_in ;
; X[9][10]                                ; Stuck at GND due to stuck port data_in ;
; X[9][11]                                ; Stuck at GND due to stuck port data_in ;
; X[9][12]                                ; Stuck at GND due to stuck port data_in ;
; X[9][13]                                ; Stuck at GND due to stuck port data_in ;
; X[9][14]                                ; Stuck at GND due to stuck port data_in ;
; X[9][15]                                ; Stuck at GND due to stuck port data_in ;
; Y[8][9]                                 ; Stuck at GND due to stuck port data_in ;
; Y[8][10]                                ; Stuck at GND due to stuck port data_in ;
; Y[8][11]                                ; Stuck at GND due to stuck port data_in ;
; Y[8][12]                                ; Stuck at GND due to stuck port data_in ;
; Y[8][13]                                ; Stuck at GND due to stuck port data_in ;
; Y[8][14]                                ; Stuck at GND due to stuck port data_in ;
; Y[8][15]                                ; Stuck at GND due to stuck port data_in ;
; X[8][9]                                 ; Stuck at GND due to stuck port data_in ;
; X[8][10]                                ; Stuck at GND due to stuck port data_in ;
; X[8][11]                                ; Stuck at GND due to stuck port data_in ;
; X[8][12]                                ; Stuck at GND due to stuck port data_in ;
; X[8][13]                                ; Stuck at GND due to stuck port data_in ;
; X[8][14]                                ; Stuck at GND due to stuck port data_in ;
; X[8][15]                                ; Stuck at GND due to stuck port data_in ;
; Y[7][10]                                ; Stuck at GND due to stuck port data_in ;
; Y[7][11]                                ; Stuck at GND due to stuck port data_in ;
; Y[7][12]                                ; Stuck at GND due to stuck port data_in ;
; Y[7][13]                                ; Stuck at GND due to stuck port data_in ;
; Y[7][14]                                ; Stuck at GND due to stuck port data_in ;
; Y[7][15]                                ; Stuck at GND due to stuck port data_in ;
; X[7][10]                                ; Stuck at GND due to stuck port data_in ;
; X[7][11]                                ; Stuck at GND due to stuck port data_in ;
; X[7][12]                                ; Stuck at GND due to stuck port data_in ;
; X[7][13]                                ; Stuck at GND due to stuck port data_in ;
; X[7][14]                                ; Stuck at GND due to stuck port data_in ;
; X[7][15]                                ; Stuck at GND due to stuck port data_in ;
; Y[6][11]                                ; Stuck at GND due to stuck port data_in ;
; Y[6][12]                                ; Stuck at GND due to stuck port data_in ;
; Y[6][13]                                ; Stuck at GND due to stuck port data_in ;
; Y[6][14]                                ; Stuck at GND due to stuck port data_in ;
; Y[6][15]                                ; Stuck at GND due to stuck port data_in ;
; X[6][11]                                ; Stuck at GND due to stuck port data_in ;
; X[6][12]                                ; Stuck at GND due to stuck port data_in ;
; X[6][13]                                ; Stuck at GND due to stuck port data_in ;
; X[6][14]                                ; Stuck at GND due to stuck port data_in ;
; X[6][15]                                ; Stuck at GND due to stuck port data_in ;
; Y[5][12]                                ; Stuck at GND due to stuck port data_in ;
; Y[5][13]                                ; Stuck at GND due to stuck port data_in ;
; Y[5][14]                                ; Stuck at GND due to stuck port data_in ;
; Y[5][15]                                ; Stuck at GND due to stuck port data_in ;
; X[5][12]                                ; Stuck at GND due to stuck port data_in ;
; X[5][13]                                ; Stuck at GND due to stuck port data_in ;
; X[5][14]                                ; Stuck at GND due to stuck port data_in ;
; X[5][15]                                ; Stuck at GND due to stuck port data_in ;
; Y[4][13]                                ; Stuck at GND due to stuck port data_in ;
; Y[4][14]                                ; Stuck at GND due to stuck port data_in ;
; Y[4][15]                                ; Stuck at GND due to stuck port data_in ;
; X[4][13]                                ; Stuck at GND due to stuck port data_in ;
; X[4][14]                                ; Stuck at GND due to stuck port data_in ;
; X[4][15]                                ; Stuck at GND due to stuck port data_in ;
; Y[3][14]                                ; Stuck at GND due to stuck port data_in ;
; Y[3][15]                                ; Stuck at GND due to stuck port data_in ;
; X[3][14]                                ; Stuck at GND due to stuck port data_in ;
; X[3][15]                                ; Stuck at GND due to stuck port data_in ;
; Y[2][15]                                ; Stuck at GND due to stuck port data_in ;
; X[2][15]                                ; Stuck at GND due to stuck port data_in ;
; Y[11][0]                                ; Stuck at GND due to stuck port data_in ;
; Y[11][1]                                ; Stuck at GND due to stuck port data_in ;
; Y[11][2]                                ; Stuck at GND due to stuck port data_in ;
; Y[11][3]                                ; Stuck at GND due to stuck port data_in ;
; Y[11][4]                                ; Stuck at GND due to stuck port data_in ;
; Y[11][5]                                ; Stuck at GND due to stuck port data_in ;
; Y[10][0]                                ; Stuck at GND due to stuck port data_in ;
; Y[10][1]                                ; Stuck at GND due to stuck port data_in ;
; Y[10][2]                                ; Stuck at GND due to stuck port data_in ;
; Y[10][3]                                ; Stuck at GND due to stuck port data_in ;
; Y[10][4]                                ; Stuck at GND due to stuck port data_in ;
; Y[10][5]                                ; Stuck at GND due to stuck port data_in ;
; Y[10][6]                                ; Stuck at GND due to stuck port data_in ;
; Y[9][2]                                 ; Stuck at GND due to stuck port data_in ;
; Y[9][3]                                 ; Stuck at GND due to stuck port data_in ;
; Y[9][4]                                 ; Stuck at GND due to stuck port data_in ;
; Y[9][5]                                 ; Stuck at GND due to stuck port data_in ;
; Y[9][6]                                 ; Stuck at GND due to stuck port data_in ;
; Y[9][7]                                 ; Stuck at GND due to stuck port data_in ;
; Y[8][4]                                 ; Stuck at GND due to stuck port data_in ;
; Y[8][5]                                 ; Stuck at GND due to stuck port data_in ;
; Y[8][6]                                 ; Stuck at GND due to stuck port data_in ;
; Y[8][7]                                 ; Stuck at GND due to stuck port data_in ;
; Y[8][8]                                 ; Stuck at GND due to stuck port data_in ;
; Y[7][6]                                 ; Stuck at GND due to stuck port data_in ;
; Y[7][7]                                 ; Stuck at GND due to stuck port data_in ;
; Y[7][8]                                 ; Stuck at GND due to stuck port data_in ;
; Y[7][9]                                 ; Stuck at GND due to stuck port data_in ;
; Y[6][8]                                 ; Stuck at GND due to stuck port data_in ;
; Y[6][9]                                 ; Stuck at GND due to stuck port data_in ;
; Y[6][10]                                ; Stuck at GND due to stuck port data_in ;
; Y[5][10]                                ; Stuck at GND due to stuck port data_in ;
; Y[5][11]                                ; Stuck at GND due to stuck port data_in ;
; Y[4][12]                                ; Stuck at GND due to stuck port data_in ;
; X[10][0]                                ; Lost fanout                            ;
; X[10][1]                                ; Lost fanout                            ;
; X[10][2]                                ; Lost fanout                            ;
; X[10][3]                                ; Lost fanout                            ;
; X[10][4]                                ; Lost fanout                            ;
; X[10][5]                                ; Lost fanout                            ;
; X[10][6]                                ; Lost fanout                            ;
; X[9][0]                                 ; Lost fanout                            ;
; Y[9][0]                                 ; Lost fanout                            ;
; X[9][1]                                 ; Lost fanout                            ;
; Y[9][1]                                 ; Lost fanout                            ;
; X[9][2]                                 ; Lost fanout                            ;
; X[9][3]                                 ; Lost fanout                            ;
; X[9][4]                                 ; Lost fanout                            ;
; X[9][5]                                 ; Lost fanout                            ;
; X[9][6]                                 ; Lost fanout                            ;
; X[9][7]                                 ; Lost fanout                            ;
; X[8][0]                                 ; Lost fanout                            ;
; Y[8][0]                                 ; Lost fanout                            ;
; X[8][1]                                 ; Lost fanout                            ;
; Y[8][1]                                 ; Lost fanout                            ;
; X[8][2]                                 ; Lost fanout                            ;
; Y[8][2]                                 ; Lost fanout                            ;
; X[8][3]                                 ; Lost fanout                            ;
; Y[8][3]                                 ; Lost fanout                            ;
; X[8][4]                                 ; Lost fanout                            ;
; X[8][5]                                 ; Lost fanout                            ;
; X[8][6]                                 ; Lost fanout                            ;
; X[8][7]                                 ; Lost fanout                            ;
; X[8][8]                                 ; Lost fanout                            ;
; X[7][0]                                 ; Lost fanout                            ;
; Y[7][0]                                 ; Lost fanout                            ;
; X[7][1]                                 ; Lost fanout                            ;
; Y[7][1]                                 ; Lost fanout                            ;
; X[7][2]                                 ; Lost fanout                            ;
; Y[7][2]                                 ; Lost fanout                            ;
; X[7][3]                                 ; Lost fanout                            ;
; Y[7][3]                                 ; Lost fanout                            ;
; X[7][4]                                 ; Lost fanout                            ;
; Y[7][4]                                 ; Lost fanout                            ;
; X[7][5]                                 ; Lost fanout                            ;
; Y[7][5]                                 ; Lost fanout                            ;
; X[7][6]                                 ; Lost fanout                            ;
; X[7][7]                                 ; Lost fanout                            ;
; X[7][8]                                 ; Lost fanout                            ;
; X[7][9]                                 ; Lost fanout                            ;
; X[6][0]                                 ; Lost fanout                            ;
; Y[6][0]                                 ; Lost fanout                            ;
; X[6][1]                                 ; Lost fanout                            ;
; Y[6][1]                                 ; Lost fanout                            ;
; X[6][2]                                 ; Lost fanout                            ;
; Y[6][2]                                 ; Lost fanout                            ;
; X[6][3]                                 ; Lost fanout                            ;
; Y[6][3]                                 ; Lost fanout                            ;
; X[6][4]                                 ; Lost fanout                            ;
; Y[6][4]                                 ; Lost fanout                            ;
; X[6][5]                                 ; Lost fanout                            ;
; Y[6][5]                                 ; Lost fanout                            ;
; X[6][6]                                 ; Lost fanout                            ;
; Y[6][6]                                 ; Lost fanout                            ;
; X[6][7]                                 ; Lost fanout                            ;
; Y[6][7]                                 ; Lost fanout                            ;
; X[6][8]                                 ; Lost fanout                            ;
; X[6][9]                                 ; Lost fanout                            ;
; X[6][10]                                ; Lost fanout                            ;
; X[5][0]                                 ; Lost fanout                            ;
; Y[5][0]                                 ; Lost fanout                            ;
; X[5][1]                                 ; Lost fanout                            ;
; Y[5][1]                                 ; Lost fanout                            ;
; X[5][2]                                 ; Lost fanout                            ;
; Y[5][2]                                 ; Lost fanout                            ;
; X[5][3]                                 ; Lost fanout                            ;
; Y[5][3]                                 ; Lost fanout                            ;
; X[5][4]                                 ; Lost fanout                            ;
; Y[5][4]                                 ; Lost fanout                            ;
; X[5][5]                                 ; Lost fanout                            ;
; Y[5][5]                                 ; Lost fanout                            ;
; X[5][6]                                 ; Lost fanout                            ;
; Y[5][6]                                 ; Lost fanout                            ;
; X[5][7]                                 ; Lost fanout                            ;
; Y[5][7]                                 ; Lost fanout                            ;
; X[5][8]                                 ; Lost fanout                            ;
; Y[5][8]                                 ; Lost fanout                            ;
; X[5][9]                                 ; Lost fanout                            ;
; Y[5][9]                                 ; Lost fanout                            ;
; X[5][10]                                ; Lost fanout                            ;
; X[5][11]                                ; Lost fanout                            ;
; X[4][0]                                 ; Lost fanout                            ;
; Y[4][0]                                 ; Lost fanout                            ;
; X[4][1]                                 ; Lost fanout                            ;
; Y[4][1]                                 ; Lost fanout                            ;
; X[4][2]                                 ; Lost fanout                            ;
; Y[4][2]                                 ; Lost fanout                            ;
; X[4][3]                                 ; Lost fanout                            ;
; Y[4][3]                                 ; Lost fanout                            ;
; X[4][4]                                 ; Lost fanout                            ;
; Y[4][4]                                 ; Lost fanout                            ;
; X[4][5]                                 ; Lost fanout                            ;
; Y[4][5]                                 ; Lost fanout                            ;
; X[4][6]                                 ; Lost fanout                            ;
; Y[4][6]                                 ; Lost fanout                            ;
; X[4][7]                                 ; Lost fanout                            ;
; Y[4][7]                                 ; Lost fanout                            ;
; X[4][8]                                 ; Lost fanout                            ;
; Y[4][8]                                 ; Lost fanout                            ;
; X[4][9]                                 ; Lost fanout                            ;
; Y[4][9]                                 ; Lost fanout                            ;
; X[4][10]                                ; Lost fanout                            ;
; Y[4][10]                                ; Lost fanout                            ;
; X[4][11]                                ; Lost fanout                            ;
; Y[4][11]                                ; Lost fanout                            ;
; X[4][12]                                ; Lost fanout                            ;
; Y[3][13]                                ; Lost fanout                            ;
; Y[3][12]                                ; Lost fanout                            ;
; Y[3][11]                                ; Lost fanout                            ;
; Y[3][10]                                ; Lost fanout                            ;
; Y[3][9]                                 ; Lost fanout                            ;
; Y[3][8]                                 ; Lost fanout                            ;
; Y[3][7]                                 ; Lost fanout                            ;
; Y[3][6]                                 ; Lost fanout                            ;
; Y[3][5]                                 ; Lost fanout                            ;
; Y[3][4]                                 ; Lost fanout                            ;
; Y[3][3]                                 ; Lost fanout                            ;
; Y[3][2]                                 ; Lost fanout                            ;
; Y[3][1]                                 ; Lost fanout                            ;
; Y[3][0]                                 ; Lost fanout                            ;
; X[3][13]                                ; Lost fanout                            ;
; X[3][12]                                ; Lost fanout                            ;
; X[3][11]                                ; Lost fanout                            ;
; X[3][10]                                ; Lost fanout                            ;
; X[3][9]                                 ; Lost fanout                            ;
; X[3][8]                                 ; Lost fanout                            ;
; X[3][7]                                 ; Lost fanout                            ;
; X[3][6]                                 ; Lost fanout                            ;
; X[3][5]                                 ; Lost fanout                            ;
; X[3][4]                                 ; Lost fanout                            ;
; X[3][3]                                 ; Lost fanout                            ;
; X[3][2]                                 ; Lost fanout                            ;
; X[3][1]                                 ; Lost fanout                            ;
; X[3][0]                                 ; Lost fanout                            ;
; Y[2][14]                                ; Lost fanout                            ;
; Y[2][13]                                ; Lost fanout                            ;
; Y[2][12]                                ; Lost fanout                            ;
; Y[2][11]                                ; Lost fanout                            ;
; Y[2][10]                                ; Lost fanout                            ;
; Y[2][9]                                 ; Lost fanout                            ;
; Y[2][8]                                 ; Lost fanout                            ;
; Y[2][7]                                 ; Lost fanout                            ;
; Y[2][6]                                 ; Lost fanout                            ;
; Y[2][5]                                 ; Lost fanout                            ;
; Y[2][4]                                 ; Lost fanout                            ;
; Y[2][3]                                 ; Lost fanout                            ;
; Y[2][2]                                 ; Lost fanout                            ;
; Y[2][1]                                 ; Lost fanout                            ;
; Y[2][0]                                 ; Lost fanout                            ;
; X[2][14]                                ; Lost fanout                            ;
; X[2][13]                                ; Lost fanout                            ;
; X[2][12]                                ; Lost fanout                            ;
; X[2][11]                                ; Lost fanout                            ;
; X[2][10]                                ; Lost fanout                            ;
; X[2][9]                                 ; Lost fanout                            ;
; X[2][8]                                 ; Lost fanout                            ;
; X[2][7]                                 ; Lost fanout                            ;
; X[2][6]                                 ; Lost fanout                            ;
; X[2][5]                                 ; Lost fanout                            ;
; X[2][4]                                 ; Lost fanout                            ;
; X[2][3]                                 ; Lost fanout                            ;
; X[2][2]                                 ; Lost fanout                            ;
; X[2][1]                                 ; Lost fanout                            ;
; X[2][0]                                 ; Lost fanout                            ;
; Y[1][14]                                ; Lost fanout                            ;
; Y[1][13]                                ; Lost fanout                            ;
; Y[1][12]                                ; Lost fanout                            ;
; Y[1][11]                                ; Lost fanout                            ;
; Y[1][10]                                ; Lost fanout                            ;
; Y[1][9]                                 ; Lost fanout                            ;
; Y[1][8]                                 ; Lost fanout                            ;
; Y[1][7]                                 ; Lost fanout                            ;
; Y[1][6]                                 ; Lost fanout                            ;
; Y[1][5]                                 ; Lost fanout                            ;
; Y[1][4]                                 ; Lost fanout                            ;
; Y[1][3]                                 ; Lost fanout                            ;
; Y[1][2]                                 ; Lost fanout                            ;
; Y[1][1]                                 ; Lost fanout                            ;
; Y[1][0]                                 ; Lost fanout                            ;
; X[1][15]                                ; Lost fanout                            ;
; X[1][14]                                ; Lost fanout                            ;
; X[1][13]                                ; Lost fanout                            ;
; X[1][12]                                ; Lost fanout                            ;
; X[1][11]                                ; Lost fanout                            ;
; X[1][10]                                ; Lost fanout                            ;
; X[1][9]                                 ; Lost fanout                            ;
; X[1][8]                                 ; Lost fanout                            ;
; X[1][7]                                 ; Lost fanout                            ;
; X[1][6]                                 ; Lost fanout                            ;
; X[1][5]                                 ; Lost fanout                            ;
; X[1][4]                                 ; Lost fanout                            ;
; X[1][3]                                 ; Lost fanout                            ;
; X[1][2]                                 ; Lost fanout                            ;
; X[1][1]                                 ; Lost fanout                            ;
; X[1][0]                                 ; Lost fanout                            ;
; X[11][0]                                ; Stuck at GND due to stuck port data_in ;
; X[11][1]                                ; Stuck at GND due to stuck port data_in ;
; X[11][2]                                ; Stuck at GND due to stuck port data_in ;
; X[11][3]                                ; Stuck at GND due to stuck port data_in ;
; X[11][4]                                ; Stuck at GND due to stuck port data_in ;
; X[11][5]                                ; Stuck at GND due to stuck port data_in ;
; Total Number of Removed Registers = 351 ;                                        ;
+-----------------------------------------+----------------------------------------+


+--------------------------------------------------------------------------------------------------------------------------------------------------+
; Removed Registers Triggering Further Register Optimizations                                                                                      ;
+---------------+---------------------------+------------------------------------------------------------------------------------------------------+
; Register name ; Reason for Removal        ; Registers Removed due to This Register                                                               ;
+---------------+---------------------------+------------------------------------------------------------------------------------------------------+
; Y[3][14]      ; Stuck at GND              ; Y[4][12], X[4][0], Y[4][0], X[4][1], Y[4][1], X[4][2], Y[4][2], X[4][3], Y[4][3], X[4][4], Y[3][13], ;
;               ; due to stuck port data_in ; Y[3][12], Y[3][11], Y[3][10], Y[3][9], Y[3][8], Y[3][3], Y[3][2], Y[3][1], Y[3][0], X[3][13],        ;
;               ;                           ; X[3][12], X[3][11], X[3][10], X[3][9], X[3][8], X[3][4], X[3][3], X[3][2], X[3][1], X[3][0]          ;
; Y[4][13]      ; Stuck at GND              ; Y[5][10], Y[5][11], X[5][0], Y[5][0], X[5][1], Y[5][1], X[5][2], Y[5][2], X[5][3], Y[5][3], X[5][4], ;
;               ; due to stuck port data_in ; X[4][8], Y[4][8], X[4][9], Y[4][9], X[4][10], Y[4][10], X[4][11], Y[4][11], X[4][12]                 ;
; Y[2][15]      ; Stuck at GND              ; Y[2][14], Y[2][13], Y[2][12], Y[2][11], Y[2][10], Y[2][9], X[2][14], X[2][13], X[2][12], X[2][11],   ;
;               ; due to stuck port data_in ; X[2][10], X[2][9], X[2][8], Y[1][14], Y[1][13], Y[1][12], Y[1][11], Y[1][10], Y[1][9]                ;
; Y[5][12]      ; Stuck at GND              ; Y[6][8], Y[6][9], Y[6][10], X[6][0], Y[6][0], X[6][1], Y[6][1], X[6][2], Y[6][2], X[6][3], Y[6][3],  ;
;               ; due to stuck port data_in ; X[6][4], X[5][8], Y[5][8], X[5][9], Y[5][9], X[5][10], X[5][11]                                      ;
; Y[7][10]      ; Stuck at GND              ; Y[8][4], Y[8][5], Y[8][6], Y[8][7], Y[8][8], X[8][0], Y[8][0], X[8][1], Y[8][1], X[8][2], Y[8][2],   ;
;               ; due to stuck port data_in ; X[8][3], Y[8][3], X[8][4], X[7][8], X[7][9]                                                          ;
; Y[6][11]      ; Stuck at GND              ; Y[7][6], Y[7][7], Y[7][8], Y[7][9], X[7][0], Y[7][0], X[7][1], Y[7][1], X[7][2], Y[7][2], X[7][3],   ;
;               ; due to stuck port data_in ; Y[7][3], X[7][4], X[6][8], X[6][9], X[6][10]                                                         ;
; Y[8][9]       ; Stuck at GND              ; Y[9][2], Y[9][3], Y[9][4], Y[9][5], Y[9][6], Y[9][7], X[9][0], Y[9][0], X[9][1], Y[9][1], X[9][2],   ;
;               ; due to stuck port data_in ; X[9][3], X[8][8]                                                                                     ;
; Y[10][7]      ; Stuck at GND              ; Y[11][0], Y[11][1], Y[11][2], Y[11][3], Y[11][4], Y[11][5], X[11][0], X[11][1], X[11][2], X[11][3],  ;
;               ; due to stuck port data_in ; X[11][4], X[11][5]                                                                                   ;
; Y[9][8]       ; Stuck at GND              ; Y[10][0], Y[10][1], Y[10][2], Y[10][3], Y[10][4], Y[10][5], Y[10][6], X[10][0], X[10][1], X[10][2],  ;
;               ; due to stuck port data_in ; X[10][3]                                                                                             ;
; X[2][15]      ; Stuck at GND              ; Y[2][8]                                                                                              ;
;               ; due to stuck port data_in ;                                                                                                      ;
+---------------+---------------------------+------------------------------------------------------------------------------------------------------+


+------------------------------------------------------+
; General Register Statistics                          ;
+----------------------------------------------+-------+
; Statistic                                    ; Value ;
+----------------------------------------------+-------+
; Total registers                              ; 225   ;
; Number of registers using Synchronous Clear  ; 0     ;
; Number of registers using Synchronous Load   ; 14    ;
; Number of registers using Asynchronous Clear ; 0     ;
; Number of registers using Asynchronous Load  ; 0     ;
; Number of registers using Clock Enable       ; 0     ;
; Number of registers using Preset             ; 0     ;
+----------------------------------------------+-------+


+-------------------------------+
; Elapsed Time Per Partition    ;
+----------------+--------------+
; Partition Name ; Elapsed Time ;
+----------------+--------------+
; Top            ; 00:00:09     ;
+----------------+--------------+


+-------------------------------+
; Analysis & Synthesis Messages ;
+-------------------------------+
Info: *******************************************************************
Info: Running Quartus II 64-Bit Analysis & Synthesis
    Info: Version 13.0.0 Build 156 04/24/2013 SJ Web Edition
    Info: Processing started: Fri Jan 31 10:49:15 2014
Info: Command: quartus_map --read_settings_files=on --write_settings_files=off AJ -c AJ
Warning (20028): Parallel compilation is not licensed and has been disabled
Info (12021): Found 1 design units, including 1 entities, in source file aj.v
    Info (12023): Found entity 1: AJ
Info (12021): Found 1 design units, including 1 entities, in source file shift.v
    Info (12023): Found entity 1: shift
Info (12021): Found 1 design units, including 1 entities, in source file cordic.v
    Info (12023): Found entity 1: CORDIC
Info (12127): Elaborating entity "AJ" for the top level hierarchy
Warning (13024): Output pins are stuck at VCC or GND
    Warning (13410): Pin "Xout[0]" is stuck at GND
    Warning (13410): Pin "Xout[1]" is stuck at GND
    Warning (13410): Pin "Xout[2]" is stuck at GND
    Warning (13410): Pin "Xout[3]" is stuck at GND
    Warning (13410): Pin "Xout[4]" is stuck at GND
    Warning (13410): Pin "Xout[5]" is stuck at GND
    Warning (13410): Pin "Xout[6]" is stuck at GND
    Warning (13410): Pin "Xout[7]" is stuck at GND
    Warning (13410): Pin "Xout[8]" is stuck at GND
    Warning (13410): Pin "Xout[9]" is stuck at GND
    Warning (13410): Pin "Xout[10]" is stuck at GND
    Warning (13410): Pin "Xout[11]" is stuck at GND
    Warning (13410): Pin "Xout[12]" is stuck at GND
    Warning (13410): Pin "Xout[13]" is stuck at GND
    Warning (13410): Pin "Xout[14]" is stuck at GND
    Warning (13410): Pin "Xout[15]" is stuck at GND
    Warning (13410): Pin "Yout[0]" is stuck at GND
    Warning (13410): Pin "Yout[1]" is stuck at GND
    Warning (13410): Pin "Yout[2]" is stuck at GND
    Warning (13410): Pin "Yout[3]" is stuck at GND
    Warning (13410): Pin "Yout[4]" is stuck at GND
    Warning (13410): Pin "Yout[5]" is stuck at GND
    Warning (13410): Pin "Yout[6]" is stuck at GND
    Warning (13410): Pin "Yout[7]" is stuck at GND
    Warning (13410): Pin "Yout[8]" is stuck at GND
    Warning (13410): Pin "Yout[9]" is stuck at GND
    Warning (13410): Pin "Yout[10]" is stuck at GND
    Warning (13410): Pin "Yout[11]" is stuck at GND
    Warning (13410): Pin "Yout[12]" is stuck at GND
    Warning (13410): Pin "Yout[13]" is stuck at GND
    Warning (13410): Pin "Yout[14]" is stuck at GND
    Warning (13410): Pin "Yout[15]" is stuck at GND
Info (17049): 201 registers lost all their fanouts during netlist optimizations.
Info (16010): Generating hard_block partition "hard_block:auto_generated_inst"
    Info (16011): Adding 0 node(s), including 0 DDIO, 0 PLL, 0 transceiver and 0 LCELL
Info (21057): Implemented 375 device resources after synthesis - the final resource count might be different
    Info (21058): Implemented 49 input pins
    Info (21059): Implemented 48 output pins
    Info (21061): Implemented 278 logic cells
Info: Quartus II 64-Bit Analysis & Synthesis was successful. 0 errors, 34 warnings
    Info: Peak virtual memory: 457 megabytes
    Info: Processing ended: Fri Jan 31 10:49:53 2014
    Info: Elapsed time: 00:00:38
    Info: Total CPU time (on all processors): 00:00:12


